[0.017s] Invoking command in '/home/mete/catkin_ws2/build/parser': CMAKE_PREFIX_PATH=${CMAKE_PREFIX_PATH}:/opt/ros/foxy /usr/bin/cmake --build /home/mete/catkin_ws2/build/parser -- -j12 -l12
[0.050s] [35m[1mScanning dependencies of target local_cartesian[0m
[0.057s] [ 50%] Built target parser_geo
[0.083s] [ 75%] [32mBuilding CXX object CMakeFiles/local_cartesian.dir/src/local_cartesian.cpp.o[0m
[1.196s] [01m[K/home/mete/catkin_ws2/src/parser/src/local_cartesian.cpp:[m[K In function â€˜[01m[Kint main()[m[Kâ€™:
[1.196s] [01m[K/home/mete/catkin_ws2/src/parser/src/local_cartesian.cpp:70:18:[m[K [01;31m[Kerror: [m[Kâ€˜[01m[Kargc[m[Kâ€™ was not declared in this scope
[1.196s]    70 |     rclcpp::init([01;31m[Kargc[m[K, argv);
[1.196s]       |                  [01;31m[K^~~~[m[K
[1.197s] [01m[K/home/mete/catkin_ws2/src/parser/src/local_cartesian.cpp:70:24:[m[K [01;31m[Kerror: [m[Kâ€˜[01m[Kargv[m[Kâ€™ was not declared in this scope
[1.197s]    70 |     rclcpp::init(argc, [01;31m[Kargv[m[K);
[1.197s]       |                        [01;31m[K^~~~[m[K
[1.200s] [01m[K/home/mete/catkin_ws2/src/parser/src/local_cartesian.cpp:79:18:[m[K [01;31m[Kerror: [m[Kâ€˜[01m[Kargc[m[Kâ€™ was not declared in this scope
[1.201s]    79 |     rclcpp::init([01;31m[Kargc[m[K, argv);
[1.201s]       |                  [01;31m[K^~~~[m[K
[1.201s] [01m[K/home/mete/catkin_ws2/src/parser/src/local_cartesian.cpp:79:24:[m[K [01;31m[Kerror: [m[Kâ€˜[01m[Kargv[m[Kâ€™ was not declared in this scope
[1.201s]    79 |     rclcpp::init(argc, [01;31m[Kargv[m[K);
[1.201s]       |                        [01;31m[K^~~~[m[K
[2.015s] make[2]: *** [CMakeFiles/local_cartesian.dir/build.make:63: CMakeFiles/local_cartesian.dir/src/local_cartesian.cpp.o] Error 1
[2.016s] make[1]: *** [CMakeFiles/Makefile2:80: CMakeFiles/local_cartesian.dir/all] Error 2
[2.016s] make: *** [Makefile:141: all] Error 2
[2.018s] Invoked command in '/home/mete/catkin_ws2/build/parser' returned '2': CMAKE_PREFIX_PATH=${CMAKE_PREFIX_PATH}:/opt/ros/foxy /usr/bin/cmake --build /home/mete/catkin_ws2/build/parser -- -j12 -l12
