[0.021s] Invoking command in '/home/mete/catkin_ws2/build/parser': CMAKE_PREFIX_PATH=${CMAKE_PREFIX_PATH}:/opt/ros/foxy /usr/bin/cmake --build /home/mete/catkin_ws2/build/parser -- -j12 -l12
[0.056s] [35m[1mScanning dependencies of target local_cartesian[0m
[0.066s] [ 50%] Built target parser_geo
[0.090s] [ 75%] [32mBuilding CXX object CMakeFiles/local_cartesian.dir/src/local_cartesian.cpp.o[0m
[1.510s] [01m[K/home/mete/catkin_ws2/src/parser/src/local_cartesian.cpp:[m[K In function â€˜[01m[Kvoid split_c(std::string)[m[Kâ€™:
[1.510s] [01m[K/home/mete/catkin_ws2/src/parser/src/local_cartesian.cpp:60:15:[m[K [01;35m[Kwarning: [m[Kunused variable â€˜[01m[Kx[m[Kâ€™ [[01;35m[K-Wunused-variable[m[K]
[1.510s]    60 |     for (auto [01;35m[Kx[m[K : str)
[1.510s]       |               [01;35m[K^[m[K
[1.510s] [01m[K/home/mete/catkin_ws2/src/parser/src/local_cartesian.cpp:76:9:[m[K [01;31m[Kerror: [m[Kâ€˜[01m[Kelse[m[Kâ€™ without a previous â€˜[01m[Kif[m[Kâ€™
[1.510s]    76 |         [01;31m[Kelse[m[K {
[1.510s]       |         [01;31m[K^~~~[m[K
[1.511s] [01m[K/home/mete/catkin_ws2/src/parser/src/local_cartesian.cpp:77:21:[m[K [01;31m[Kerror: [m[Kâ€˜[01m[Kx[m[Kâ€™ was not declared in this scope
[1.511s]    77 |             w = w + [01;31m[Kx[m[K;
[1.511s]       |                     [01;31m[K^[m[K
[1.511s] [01m[K/home/mete/catkin_ws2/src/parser/src/local_cartesian.cpp:57:9:[m[K [01;35m[Kwarning: [m[Kunused variable â€˜[01m[Ki[m[Kâ€™ [[01;35m[K-Wunused-variable[m[K]
[1.511s]    57 |     int [01;35m[Ki[m[K = 0;
[1.511s]       |         [01;35m[K^[m[K
[1.511s] [01m[K/home/mete/catkin_ws2/src/parser/src/local_cartesian.cpp:58:9:[m[K [01;35m[Kwarning: [m[Kunused variable â€˜[01m[Kcounter[m[Kâ€™ [[01;35m[K-Wunused-variable[m[K]
[1.512s]    58 |     int [01;35m[Kcounter[m[K = 0;
[1.512s]       |         [01;35m[K^~~~~~~[m[K
[1.512s] [01m[K/home/mete/catkin_ws2/src/parser/src/local_cartesian.cpp:[m[K At global scope:
[1.512s] [01m[K/home/mete/catkin_ws2/src/parser/src/local_cartesian.cpp:81:5:[m[K [01;31m[Kerror: [m[Kâ€˜[01m[Kaltitude_array[m[Kâ€™ does not name a type
[1.512s]    81 |     [01;31m[Kaltitude_array[m[K[counter] = w;
[1.512s]       |     [01;31m[K^~~~~~~~~~~~~~[m[K
[1.512s] [01m[K/home/mete/catkin_ws2/src/parser/src/local_cartesian.cpp:88:1:[m[K [01;31m[Kerror: [m[Kexpected declaration before â€˜[01m[K}[m[Kâ€™ token
[1.512s]    88 | [01;31m[K}[m[K
[1.512s]       | [01;31m[K^[m[K
[2.154s] make[2]: *** [CMakeFiles/local_cartesian.dir/build.make:63: CMakeFiles/local_cartesian.dir/src/local_cartesian.cpp.o] Error 1
[2.155s] make[1]: *** [CMakeFiles/Makefile2:80: CMakeFiles/local_cartesian.dir/all] Error 2
[2.155s] make: *** [Makefile:141: all] Error 2
[2.156s] Invoked command in '/home/mete/catkin_ws2/build/parser' returned '2': CMAKE_PREFIX_PATH=${CMAKE_PREFIX_PATH}:/opt/ros/foxy /usr/bin/cmake --build /home/mete/catkin_ws2/build/parser -- -j12 -l12
