[0.024s] Invoking command in '/home/mete/catkin_ws2/build/parser': CMAKE_PREFIX_PATH=${CMAKE_PREFIX_PATH}:/opt/ros/foxy /usr/bin/cmake --build /home/mete/catkin_ws2/build/parser -- -j12 -l12
[0.057s] [35m[1mScanning dependencies of target local_cartesian[0m
[0.067s] [ 50%] Built target parser_geo
[0.089s] [ 75%] [32mBuilding CXX object CMakeFiles/local_cartesian.dir/src/local_cartesian.cpp.o[0m
[1.520s] [01m[K/home/mete/catkin_ws2/src/parser/src/local_cartesian.cpp:[m[K In function â€˜[01m[Kint main(int, char**)[m[Kâ€™:
[1.520s] [01m[K/home/mete/catkin_ws2/src/parser/src/local_cartesian.cpp:104:11:[m[K [01;31m[Kerror: [m[Kâ€˜[01m[Ki[m[Kâ€™ was not declared in this scope
[1.520s]   104 |       if ([01;31m[Ki[m[K == 0){
[1.520s]       |           [01;31m[K^[m[K
[1.522s] [01m[K/home/mete/catkin_ws2/src/parser/src/local_cartesian.cpp:107:25:[m[K [01;31m[Kerror: [m[Kâ€˜[01m[Kcounter[m[Kâ€™ was not declared in this scope
[1.522s]   107 |         longitude_array[[01;31m[Kcounter[m[K] = satir;
[1.522s]       |                         [01;31m[K^~~~~~~[m[K
[1.524s] [01m[K/home/mete/catkin_ws2/src/parser/src/local_cartesian.cpp:113:24:[m[K [01;31m[Kerror: [m[Kâ€˜[01m[Kcounter[m[Kâ€™ was not declared in this scope
[1.524s]   113 |         latitude_array[[01;31m[Kcounter[m[K] = satir;
[1.524s]       |                        [01;31m[K^~~~~~~[m[K
[1.525s] [01m[K/home/mete/catkin_ws2/src/parser/src/local_cartesian.cpp:120:24:[m[K [01;31m[Kerror: [m[Kâ€˜[01m[Kcounter[m[Kâ€™ was not declared in this scope
[1.525s]   120 |         altitude_array[[01;31m[Kcounter[m[K] = satir;
[1.525s]       |                        [01;31m[K^~~~~~~[m[K
[2.218s] make[2]: *** [CMakeFiles/local_cartesian.dir/build.make:63: CMakeFiles/local_cartesian.dir/src/local_cartesian.cpp.o] Error 1
[2.218s] make[1]: *** [CMakeFiles/Makefile2:80: CMakeFiles/local_cartesian.dir/all] Error 2
[2.218s] make: *** [Makefile:141: all] Error 2
[2.221s] Invoked command in '/home/mete/catkin_ws2/build/parser' returned '2': CMAKE_PREFIX_PATH=${CMAKE_PREFIX_PATH}:/opt/ros/foxy /usr/bin/cmake --build /home/mete/catkin_ws2/build/parser -- -j12 -l12
