[01m[K/home/mete/catkin_ws2/src/parser/src/local_cartesian.cpp:94:17:[m[K [01;35m[Kwarning: [m[Kcharacter constant too long for its type
   94 |       kmlfile = [01;35m[K'../catkin_ws2/src/parser/doc/Localization_Assignment_Test_Route.kml'[m[K;
      |                 [01;35m[K^~~~~~~~~~~~~~~~~~~~~~~~~~~~~~~~~~~~~~~~~~~~~~~~~~~~~~~~~~~~~~~~~~~~~[m[K
[01m[K/home/mete/catkin_ws2/src/parser/src/local_cartesian.cpp:[m[K In constructor â€˜[01m[KMinimalPublisher::MinimalPublisher()[m[Kâ€™:
[01m[K/home/mete/catkin_ws2/src/parser/src/local_cartesian.cpp:94:17:[m[K [01;35m[Kwarning: [m[Koverflow in conversion from â€˜[01m[Kint[m[Kâ€™ to â€˜[01m[Kchar[m[Kâ€™ changes value from â€˜[01m[K778792300[m[Kâ€™ to â€˜[01m[K'l'[m[Kâ€™ [[01;35m[K-Woverflow[m[K]
[01m[K/home/mete/catkin_ws2/src/parser/src/local_cartesian.cpp:[m[K In member function â€˜[01m[Kvoid MinimalPublisher::timer_callback()[m[Kâ€™:
[01m[K/home/mete/catkin_ws2/src/parser/src/local_cartesian.cpp:160:7:[m[K [01;31m[Kerror: [m[Kâ€˜[01m[Kpath_message[m[Kâ€™ was not declared in this scope
  160 |       [01;31m[Kpath_message[m[K.header.frame_id="map";
      |       [01;31m[K^~~~~~~~~~~~[m[K
[01m[K/home/mete/catkin_ws2/src/parser/src/local_cartesian.cpp:163:7:[m[K [01;31m[Kerror: [m[Kâ€˜[01m[Kthis_pose_stamped[m[Kâ€™ was not declared in this scope
  163 |       [01;31m[Kthis_pose_stamped[m[K.header.stamp = this->get_clock()->now();
      |       [01;31m[K^~~~~~~~~~~~~~~~~[m[K
make[2]: *** [CMakeFiles/local_cartesian.dir/build.make:63: CMakeFiles/local_cartesian.dir/src/local_cartesian.cpp.o] Error 1
make[1]: *** [CMakeFiles/Makefile2:80: CMakeFiles/local_cartesian.dir/all] Error 2
make: *** [Makefile:141: all] Error 2
