[0.022s] Invoking command in '/home/mete/catkin_ws2/build/parser': CMAKE_PREFIX_PATH=${CMAKE_PREFIX_PATH}:/opt/ros/foxy /usr/bin/cmake --build /home/mete/catkin_ws2/build/parser -- -j12 -l12
[0.056s] [35m[1mScanning dependencies of target local_cartesian[0m
[0.067s] [ 50%] Built target parser_geo
[0.094s] [ 75%] [32mBuilding CXX object CMakeFiles/local_cartesian.dir/src/local_cartesian.cpp.o[0m
[1.558s] [01m[K/home/mete/catkin_ws2/src/parser/src/local_cartesian.cpp:[m[K In member function â€˜[01m[Kvoid MinimalPublisher::timer_callback()[m[Kâ€™:
[1.558s] [01m[K/home/mete/catkin_ws2/src/parser/src/local_cartesian.cpp:69:58:[m[K [01;31m[Kerror: [m[Kno matching function for call to â€˜[01m[Kstd::vector<geometry_msgs::msg::PoseStamped_<std::allocator<void> >, std::allocator<geometry_msgs::msg::PoseStamped_<std::allocator<void> > > >::push_back(geometry_msgs::msg::PoseStamped_<std::allocator<void> >::_pose_type&)[m[Kâ€™
[1.558s]    69 |       path_message.poses.push_back(this_pose_stamped.pose[01;31m[K)[m[K;
[1.558s]       |                                                          [01;31m[K^[m[K
[1.558s] In file included from [01m[K/usr/include/c++/9/vector:67[m[K,
[1.558s]                  from [01m[K/home/mete/catkin_ws2/install/GeographicLib/include/GeographicLib/Geocentric.hpp:13[m[K,
[1.559s]                  from [01m[K/home/mete/catkin_ws2/src/parser/src/local_cartesian.cpp:6[m[K:
[1.559s] [01m[K/usr/include/c++/9/bits/stl_vector.h:1184:7:[m[K [01;36m[Knote: [m[Kcandidate: â€˜[01m[Kvoid std::vector<_Tp, _Alloc>::push_back(const value_type&) [with _Tp = geometry_msgs::msg::PoseStamped_<std::allocator<void> >; _Alloc = std::allocator<geometry_msgs::msg::PoseStamped_<std::allocator<void> > >; std::vector<_Tp, _Alloc>::value_type = geometry_msgs::msg::PoseStamped_<std::allocator<void> >][m[Kâ€™
[1.559s]  1184 |       [01;36m[Kpush_back[m[K(const value_type& __x)
[1.559s]       |       [01;36m[K^~~~~~~~~[m[K
[1.559s] [01m[K/usr/include/c++/9/bits/stl_vector.h:1184:35:[m[K [01;36m[Knote: [m[K  no known conversion for argument 1 from â€˜[01m[Kgeometry_msgs::msg::PoseStamped_<std::allocator<void> >::_pose_type[m[Kâ€™ {aka â€˜[01m[Kgeometry_msgs::msg::Pose_<std::allocator<void> >[m[Kâ€™} to â€˜[01m[Kconst value_type&[m[Kâ€™ {aka â€˜[01m[Kconst geometry_msgs::msg::PoseStamped_<std::allocator<void> >&[m[Kâ€™}
[1.559s]  1184 |       push_back([01;36m[Kconst value_type& __x[m[K)
[1.559s]       |                 [01;36m[K~~~~~~~~~~~~~~~~~~^~~[m[K
[1.559s] [01m[K/usr/include/c++/9/bits/stl_vector.h:1200:7:[m[K [01;36m[Knote: [m[Kcandidate: â€˜[01m[Kvoid std::vector<_Tp, _Alloc>::push_back(std::vector<_Tp, _Alloc>::value_type&&) [with _Tp = geometry_msgs::msg::PoseStamped_<std::allocator<void> >; _Alloc = std::allocator<geometry_msgs::msg::PoseStamped_<std::allocator<void> > >; std::vector<_Tp, _Alloc>::value_type = geometry_msgs::msg::PoseStamped_<std::allocator<void> >][m[Kâ€™
[1.559s]  1200 |       [01;36m[Kpush_back[m[K(value_type&& __x)
[1.559s]       |       [01;36m[K^~~~~~~~~[m[K
[1.559s] [01m[K/usr/include/c++/9/bits/stl_vector.h:1200:30:[m[K [01;36m[Knote: [m[K  no known conversion for argument 1 from â€˜[01m[Kgeometry_msgs::msg::PoseStamped_<std::allocator<void> >::_pose_type[m[Kâ€™ {aka â€˜[01m[Kgeometry_msgs::msg::Pose_<std::allocator<void> >[m[Kâ€™} to â€˜[01m[Kstd::vector<geometry_msgs::msg::PoseStamped_<std::allocator<void> >, std::allocator<geometry_msgs::msg::PoseStamped_<std::allocator<void> > > >::value_type&&[m[Kâ€™ {aka â€˜[01m[Kgeometry_msgs::msg::PoseStamped_<std::allocator<void> >&&[m[Kâ€™}
[1.560s]  1200 |       push_back([01;36m[Kvalue_type&& __x[m[K)
[1.560s]       |                 [01;36m[K~~~~~~~~~~~~~^~~[m[K
[2.270s] make[2]: *** [CMakeFiles/local_cartesian.dir/build.make:63: CMakeFiles/local_cartesian.dir/src/local_cartesian.cpp.o] Error 1
[2.270s] make[1]: *** [CMakeFiles/Makefile2:80: CMakeFiles/local_cartesian.dir/all] Error 2
[2.270s] make: *** [Makefile:141: all] Error 2
[2.272s] Invoked command in '/home/mete/catkin_ws2/build/parser' returned '2': CMAKE_PREFIX_PATH=${CMAKE_PREFIX_PATH}:/opt/ros/foxy /usr/bin/cmake --build /home/mete/catkin_ws2/build/parser -- -j12 -l12
