[0.022s] Invoking command in '/home/mete/catkin_ws2/build/parser': CMAKE_PREFIX_PATH=${CMAKE_PREFIX_PATH}:/opt/ros/foxy /usr/bin/cmake --build /home/mete/catkin_ws2/build/parser -- -j12 -l12
[0.059s] [35m[1mScanning dependencies of target local_cartesian[0m
[0.070s] [ 50%] Built target parser_geo
[0.097s] [ 75%] [32mBuilding CXX object CMakeFiles/local_cartesian.dir/src/local_cartesian.cpp.o[0m
[1.539s] [01m[K/home/mete/catkin_ws2/src/parser/src/local_cartesian.cpp:[m[K In member function â€˜[01m[Kvoid MinimalPublisher::timer_callback()[m[Kâ€™:
[1.539s] [01m[K/home/mete/catkin_ws2/src/parser/src/local_cartesian.cpp:64:20:[m[K [01;31m[Kerror: [m[Kâ€˜[01m[Kstruct nav_msgs::msg::Path_<std::allocator<void> >[m[Kâ€™ has no member named â€˜[01m[Kstamp[m[Kâ€™
[1.539s]    64 |       path_message.[01;31m[Kstamp[m[K.sec = rclcpp::Time::now();
[1.539s]       |                    [01;31m[K^~~~~[m[K
[1.539s] [01m[K/home/mete/catkin_ws2/src/parser/src/local_cartesian.cpp:64:46:[m[K [01;31m[Kerror: [m[Kâ€˜[01m[Know[m[Kâ€™ is not a member of â€˜[01m[Krclcpp::Time[m[Kâ€™
[1.539s]    64 |       path_message.stamp.sec = rclcpp::Time::[01;31m[Know[m[K();
[1.539s]       |                                              [01;31m[K^~~[m[K
[2.264s] make[2]: *** [CMakeFiles/local_cartesian.dir/build.make:63: CMakeFiles/local_cartesian.dir/src/local_cartesian.cpp.o] Error 1
[2.264s] make[1]: *** [CMakeFiles/Makefile2:80: CMakeFiles/local_cartesian.dir/all] Error 2
[2.265s] make: *** [Makefile:141: all] Error 2
[2.266s] Invoked command in '/home/mete/catkin_ws2/build/parser' returned '2': CMAKE_PREFIX_PATH=${CMAKE_PREFIX_PATH}:/opt/ros/foxy /usr/bin/cmake --build /home/mete/catkin_ws2/build/parser -- -j12 -l12
