[35m[1mScanning dependencies of target local_cartesian[0m
[ 50%] Built target parser_geo
[ 75%] [32mBuilding CXX object CMakeFiles/local_cartesian.dir/src/local_cartesian.cpp.o[0m
[01m[K/home/mete/catkin_ws2/src/parser/src/local_cartesian.cpp:[m[K In function â€˜[01m[Kvoid split_c(std::string)[m[Kâ€™:
[01m[K/home/mete/catkin_ws2/src/parser/src/local_cartesian.cpp:68:38:[m[K [01;31m[Kerror: [m[Kâ€˜[01m[Ksatir[m[Kâ€™ was not declared in this scope; did you mean â€˜[01m[Kstr[m[Kâ€™?
   68 |           longitude_array[counter] = [01;31m[Ksatir[m[K;
      |                                      [01;31m[K^~~~~[m[K
      |                                      [32m[Kstr[m[K
[01m[K/home/mete/catkin_ws2/src/parser/src/local_cartesian.cpp:74:37:[m[K [01;31m[Kerror: [m[Kâ€˜[01m[Ksatir[m[Kâ€™ was not declared in this scope; did you mean â€˜[01m[Kstr[m[Kâ€™?
   74 |           latitude_array[counter] = [01;31m[Ksatir[m[K;
      |                                     [01;31m[K^~~~~[m[K
      |                                     [32m[Kstr[m[K
[01m[K/home/mete/catkin_ws2/src/parser/src/local_cartesian.cpp:81:37:[m[K [01;31m[Kerror: [m[Kâ€˜[01m[Ksatir[m[Kâ€™ was not declared in this scope; did you mean â€˜[01m[Kstr[m[Kâ€™?
   81 |           altitude_array[counter] = [01;31m[Ksatir[m[K;
      |                                     [01;31m[K^~~~~[m[K
      |                                     [32m[Kstr[m[K
make[2]: *** [CMakeFiles/local_cartesian.dir/build.make:63: CMakeFiles/local_cartesian.dir/src/local_cartesian.cpp.o] Error 1
make[1]: *** [CMakeFiles/Makefile2:80: CMakeFiles/local_cartesian.dir/all] Error 2
make: *** [Makefile:141: all] Error 2
