[0.021s] Invoking command in '/home/mete/catkin_ws2/build/parser': CMAKE_PREFIX_PATH=${CMAKE_PREFIX_PATH}:/opt/ros/foxy /usr/bin/cmake --build /home/mete/catkin_ws2/build/parser -- -j12 -l12
[0.057s] [35m[1mScanning dependencies of target local_cartesian[0m
[0.069s] [ 50%] Built target parser_geo
[0.094s] [ 75%] [32mBuilding CXX object CMakeFiles/local_cartesian.dir/src/local_cartesian.cpp.o[0m
[1.512s] [01m[K/home/mete/catkin_ws2/src/parser/src/local_cartesian.cpp:[m[K In function â€˜[01m[Kvoid split_c(std::string)[m[Kâ€™:
[1.512s] [01m[K/home/mete/catkin_ws2/src/parser/src/local_cartesian.cpp:68:38:[m[K [01;31m[Kerror: [m[Kâ€˜[01m[Ksatir[m[Kâ€™ was not declared in this scope; did you mean â€˜[01m[Kstr[m[Kâ€™?
[1.512s]    68 |           longitude_array[counter] = [01;31m[Ksatir[m[K;
[1.512s]       |                                      [01;31m[K^~~~~[m[K
[1.513s]       |                                      [32m[Kstr[m[K
[1.513s] [01m[K/home/mete/catkin_ws2/src/parser/src/local_cartesian.cpp:74:37:[m[K [01;31m[Kerror: [m[Kâ€˜[01m[Ksatir[m[Kâ€™ was not declared in this scope; did you mean â€˜[01m[Kstr[m[Kâ€™?
[1.513s]    74 |           latitude_array[counter] = [01;31m[Ksatir[m[K;
[1.514s]       |                                     [01;31m[K^~~~~[m[K
[1.514s]       |                                     [32m[Kstr[m[K
[1.514s] [01m[K/home/mete/catkin_ws2/src/parser/src/local_cartesian.cpp:81:37:[m[K [01;31m[Kerror: [m[Kâ€˜[01m[Ksatir[m[Kâ€™ was not declared in this scope; did you mean â€˜[01m[Kstr[m[Kâ€™?
[1.514s]    81 |           altitude_array[counter] = [01;31m[Ksatir[m[K;
[1.514s]       |                                     [01;31m[K^~~~~[m[K
[1.515s]       |                                     [32m[Kstr[m[K
[2.166s] make[2]: *** [CMakeFiles/local_cartesian.dir/build.make:63: CMakeFiles/local_cartesian.dir/src/local_cartesian.cpp.o] Error 1
[2.166s] make[1]: *** [CMakeFiles/Makefile2:80: CMakeFiles/local_cartesian.dir/all] Error 2
[2.166s] make: *** [Makefile:141: all] Error 2
[2.168s] Invoked command in '/home/mete/catkin_ws2/build/parser' returned '2': CMAKE_PREFIX_PATH=${CMAKE_PREFIX_PATH}:/opt/ros/foxy /usr/bin/cmake --build /home/mete/catkin_ws2/build/parser -- -j12 -l12
