[0.023s] Invoking command in '/home/mete/catkin_ws2/build/parser': CMAKE_PREFIX_PATH=${CMAKE_PREFIX_PATH}:/opt/ros/foxy /usr/bin/cmake --build /home/mete/catkin_ws2/build/parser -- -j12 -l12
[0.059s] [35m[1mScanning dependencies of target local_cartesian[0m
[0.070s] [ 50%] Built target parser_geo
[0.098s] [ 75%] [32mBuilding CXX object CMakeFiles/local_cartesian.dir/src/local_cartesian.cpp.o[0m
[1.526s] [01m[K/home/mete/catkin_ws2/src/parser/src/local_cartesian.cpp:[m[K In function â€˜[01m[Kint main(int, char**)[m[Kâ€™:
[1.526s] [01m[K/home/mete/catkin_ws2/src/parser/src/local_cartesian.cpp:122:5:[m[K [01;31m[Kerror: [m[Kâ€˜[01m[Kcont[m[Kâ€™ was not declared in this scope
[1.526s]   122 |     [01;31m[Kcont[m[K double origin_long, origin_lat, origin_alt;
[1.526s]       |     [01;31m[K^~~~[m[K
[1.527s] [01m[K/home/mete/catkin_ws2/src/parser/src/local_cartesian.cpp:124:5:[m[K [01;31m[Kerror: [m[Kâ€˜[01m[Korigin_lat[m[Kâ€™ was not declared in this scope
[1.527s]   124 |     [01;31m[Korigin_lat[m[K = stod(latitude_array[0]);
[1.527s]       |     [01;31m[K^~~~~~~~~~[m[K
[1.528s] [01m[K/home/mete/catkin_ws2/src/parser/src/local_cartesian.cpp:125:5:[m[K [01;31m[Kerror: [m[Kâ€˜[01m[Korigin_long[m[Kâ€™ was not declared in this scope
[1.528s]   125 |     [01;31m[Korigin_long[m[K = stod(longitude_array[0]);
[1.528s]       |     [01;31m[K^~~~~~~~~~~[m[K
[1.530s] [01m[K/home/mete/catkin_ws2/src/parser/src/local_cartesian.cpp:126:5:[m[K [01;31m[Kerror: [m[Kâ€˜[01m[Korigin_alt[m[Kâ€™ was not declared in this scope
[1.530s]   126 |     [01;31m[Korigin_alt[m[K = stod(altitude_array[0]);
[1.530s]       |     [01;31m[K^~~~~~~~~~[m[K
[1.530s] [01m[K/home/mete/catkin_ws2/src/parser/src/local_cartesian.cpp:128:25:[m[K [01;31m[Kerror: [m[Kâ€˜[01m[Klat0[m[Kâ€™ was not declared in this scope
[1.530s]   128 |     LocalCartesian proj([01;31m[Klat0[m[K, lon0, 1.81700869684152, earth);
[1.530s]       |                         [01;31m[K^~~~[m[K
[1.531s] [01m[K/home/mete/catkin_ws2/src/parser/src/local_cartesian.cpp:128:31:[m[K [01;31m[Kerror: [m[Kâ€˜[01m[Klon0[m[Kâ€™ was not declared in this scope; did you mean â€˜[01m[Klong[m[Kâ€™?
[1.531s]   128 |     LocalCartesian proj(lat0, [01;31m[Klon0[m[K, 1.81700869684152, earth);
[1.531s]       |                               [01;31m[K^~~~[m[K
[1.531s]       |                               [32m[Klong[m[K
[2.217s] make[2]: *** [CMakeFiles/local_cartesian.dir/build.make:63: CMakeFiles/local_cartesian.dir/src/local_cartesian.cpp.o] Error 1
[2.217s] make[1]: *** [CMakeFiles/Makefile2:80: CMakeFiles/local_cartesian.dir/all] Error 2
[2.217s] make: *** [Makefile:141: all] Error 2
[2.219s] Invoked command in '/home/mete/catkin_ws2/build/parser' returned '2': CMAKE_PREFIX_PATH=${CMAKE_PREFIX_PATH}:/opt/ros/foxy /usr/bin/cmake --build /home/mete/catkin_ws2/build/parser -- -j12 -l12
