[01m[K/home/mete/catkin_ws2/src/parser/src/local_cartesian.cpp:[m[K In member function â€˜[01m[Kvoid MinimalPublisher::timer_callback()[m[Kâ€™:
[01m[K/home/mete/catkin_ws2/src/parser/src/local_cartesian.cpp:63:47:[m[K [01;31m[Kerror: [m[Kexpected â€˜[01m[K;[m[Kâ€™ before â€˜[01m[Kthis_pose_stamped[m[Kâ€™
   63 |       path_message.header.stamp.sec = time + 1
      |                                               [01;31m[K^[m[K
      |                                               [32m[K;[m[K
   64 |       [32m[Kthis_pose_stamped[m[K.pose.position.x = x_array[counter];
      |       [32m[K~~~~~~~~~~~~~~~~~[m[K                        
make[2]: *** [CMakeFiles/local_cartesian.dir/build.make:63: CMakeFiles/local_cartesian.dir/src/local_cartesian.cpp.o] Error 1
make[1]: *** [CMakeFiles/Makefile2:80: CMakeFiles/local_cartesian.dir/all] Error 2
make: *** [Makefile:141: all] Error 2
