[0.021s] Invoking command in '/home/mete/catkin_ws2/build/parser': CMAKE_PREFIX_PATH=${CMAKE_PREFIX_PATH}:/opt/ros/foxy /usr/bin/cmake --build /home/mete/catkin_ws2/build/parser -- -j12 -l12
[0.054s] [35m[1mScanning dependencies of target local_cartesian[0m
[0.065s] [ 50%] Built target parser_geo
[0.065s] [ 75%] [32mBuilding CXX object CMakeFiles/local_cartesian.dir/src/local_cartesian.cpp.o[0m
[0.128s] [01m[K/home/mete/catkin_ws2/src/parser/src/local_cartesian.cpp:10:26:[m[K [01;35m[Kwarning: [m[Kcharacter constant too long for its type
[0.128s]    10 | const parseKML = require([01;35m[K'parse-kml'[m[K);
[0.128s]       |                          [01;35m[K^~~~~~~~~~~[m[K
[0.128s] [01m[K/home/mete/catkin_ws2/src/parser/src/local_cartesian.cpp:18:12:[m[K [01;35m[Kwarning: [m[Kcharacter constant too long for its type
[0.129s]    18 |   .readKml([01;35m[K'../catkin_ws2/src/parser/doc/Localization Assignment Test Route.kml'[m[K)
[0.129s]       |            [01;35m[K^~~~~~~~~~~~~~~~~~~~~~~~~~~~~~~~~~~~~~~~~~~~~~~~~~~~~~~~~~~~~~~~~~~~~[m[K
[0.320s] [01m[K/home/mete/catkin_ws2/src/parser/src/local_cartesian.cpp:10:7:[m[K [01;31m[Kerror: [m[Kâ€˜[01m[KparseKML[m[Kâ€™ does not name a type
[0.320s]    10 | const [01;31m[KparseKML[m[K = require('parse-kml');
[0.320s]       |       [01;31m[K^~~~~~~~[m[K
[0.320s] [01m[K/home/mete/catkin_ws2/src/parser/src/local_cartesian.cpp:[m[K In function â€˜[01m[Kint main()[m[Kâ€™:
[0.320s] [01m[K/home/mete/catkin_ws2/src/parser/src/local_cartesian.cpp:17:3:[m[K [01;31m[Kerror: [m[Kâ€˜[01m[KparseKML[m[Kâ€™ was not declared in this scope
[0.321s]    17 |   [01;31m[KparseKML[m[K
[0.321s]       |   [01;31m[K^~~~~~~~[m[K
[0.321s] [01m[K/home/mete/catkin_ws2/src/parser/src/local_cartesian.cpp:19:9:[m[K [01;31m[Kerror: [m[Kâ€˜[01m[Kconsole[m[Kâ€™ was not declared in this scope; did you mean â€˜[01m[Kcosl[m[Kâ€™?
[0.321s]    19 |   .then([01;31m[Kconsole[m[K.log);
[0.321s]       |         [01;31m[K^~~~~~~[m[K
[0.321s]       |         [32m[Kcosl[m[K
[0.321s] [01m[K/home/mete/catkin_ws2/src/parser/src/local_cartesian.cpp:20:3:[m[K [01;31m[Kerror: [m[Kexpected primary-expression before â€˜[01m[K.[m[Kâ€™ token
[0.321s]    20 |   [01;31m[K.[m[Kcatch(console.error);
[0.321s]       |   [01;31m[K^[m[K
[0.321s] [01m[K/home/mete/catkin_ws2/src/parser/src/local_cartesian.cpp:20:4:[m[K [01;31m[Kerror: [m[Kexpected unqualified-id before â€˜[01m[Kcatch[m[Kâ€™
[0.321s]    20 |   .[01;31m[Kcatch[m[K(console.error);
[0.321s]       |    [01;31m[K^~~~~[m[K
[0.349s] make[2]: *** [CMakeFiles/local_cartesian.dir/build.make:63: CMakeFiles/local_cartesian.dir/src/local_cartesian.cpp.o] Error 1
[0.349s] make[1]: *** [CMakeFiles/Makefile2:134: CMakeFiles/local_cartesian.dir/all] Error 2
[0.349s] make: *** [Makefile:141: all] Error 2
[0.352s] Invoked command in '/home/mete/catkin_ws2/build/parser' returned '2': CMAKE_PREFIX_PATH=${CMAKE_PREFIX_PATH}:/opt/ros/foxy /usr/bin/cmake --build /home/mete/catkin_ws2/build/parser -- -j12 -l12
