[35m[1mScanning dependencies of target local_cartesian[0m
[ 50%] Built target parser_geo
[ 75%] [32mBuilding CXX object CMakeFiles/local_cartesian.dir/src/local_cartesian.cpp.o[0m
[01m[K/home/mete/catkin_ws2/src/parser/src/local_cartesian.cpp:[m[K In member function â€˜[01m[Kvoid MinimalPublisher::timer_callback()[m[Kâ€™:
[01m[K/home/mete/catkin_ws2/src/parser/src/local_cartesian.cpp:57:20:[m[K [01;31m[Kerror: [m[Kâ€˜[01m[Kstruct nav_msgs::msg::Path_<std::allocator<void> >[m[Kâ€™ has no member named â€˜[01m[Kpose[m[Kâ€™; did you mean â€˜[01m[Kposes[m[Kâ€™?
   57 |       path_message.[01;31m[Kpose[m[K.position.x = x_array[counter];
      |                    [01;31m[K^~~~[m[K
      |                    [32m[Kposes[m[K
[01m[K/home/mete/catkin_ws2/src/parser/src/local_cartesian.cpp:58:20:[m[K [01;31m[Kerror: [m[Kâ€˜[01m[Kstruct nav_msgs::msg::Path_<std::allocator<void> >[m[Kâ€™ has no member named â€˜[01m[Kpose[m[Kâ€™; did you mean â€˜[01m[Kposes[m[Kâ€™?
   58 |       path_message.[01;31m[Kpose[m[K.position.y = y_array[counter];
      |                    [01;31m[K^~~~[m[K
      |                    [32m[Kposes[m[K
[01m[K/home/mete/catkin_ws2/src/parser/src/local_cartesian.cpp:59:20:[m[K [01;31m[Kerror: [m[Kâ€˜[01m[Kstruct nav_msgs::msg::Path_<std::allocator<void> >[m[Kâ€™ has no member named â€˜[01m[Kpose[m[Kâ€™; did you mean â€˜[01m[Kposes[m[Kâ€™?
   59 |       path_message.[01;31m[Kpose[m[K.position.z = z_array[counter];
      |                    [01;31m[K^~~~[m[K
      |                    [32m[Kposes[m[K
[01m[K/home/mete/catkin_ws2/src/parser/src/local_cartesian.cpp:61:20:[m[K [01;31m[Kerror: [m[Kâ€˜[01m[Kstruct nav_msgs::msg::Path_<std::allocator<void> >[m[Kâ€™ has no member named â€˜[01m[Kpose[m[Kâ€™; did you mean â€˜[01m[Kposes[m[Kâ€™?
   61 |       path_message.[01;31m[Kpose[m[K.orientation.x = 0;
      |                    [01;31m[K^~~~[m[K
      |                    [32m[Kposes[m[K
[01m[K/home/mete/catkin_ws2/src/parser/src/local_cartesian.cpp:62:17:[m[K [01;31m[Kerror: [m[Kâ€˜[01m[Kstruct nav_msgs::msg::Path_<std::allocator<void> >[m[Kâ€™ has no member named â€˜[01m[Kpose[m[Kâ€™; did you mean â€˜[01m[Kposes[m[Kâ€™?
   62 |    path_message.[01;31m[Kpose[m[K.orientation.y = 0;
      |                 [01;31m[K^~~~[m[K
      |                 [32m[Kposes[m[K
[01m[K/home/mete/catkin_ws2/src/parser/src/local_cartesian.cpp:63:17:[m[K [01;31m[Kerror: [m[Kâ€˜[01m[Kstruct nav_msgs::msg::Path_<std::allocator<void> >[m[Kâ€™ has no member named â€˜[01m[Kpose[m[Kâ€™; did you mean â€˜[01m[Kposes[m[Kâ€™?
   63 |    path_message.[01;31m[Kpose[m[K.orientation.z = 0;
      |                 [01;31m[K^~~~[m[K
      |                 [32m[Kposes[m[K
[01m[K/home/mete/catkin_ws2/src/parser/src/local_cartesian.cpp:64:17:[m[K [01;31m[Kerror: [m[Kâ€˜[01m[Kstruct nav_msgs::msg::Path_<std::allocator<void> >[m[Kâ€™ has no member named â€˜[01m[Kpose[m[Kâ€™; did you mean â€˜[01m[Kposes[m[Kâ€™?
   64 |    path_message.[01;31m[Kpose[m[K.orientation.w = 1;
      |                 [01;31m[K^~~~[m[K
      |                 [32m[Kposes[m[K
make[2]: *** [CMakeFiles/local_cartesian.dir/build.make:63: CMakeFiles/local_cartesian.dir/src/local_cartesian.cpp.o] Error 1
make[1]: *** [CMakeFiles/Makefile2:80: CMakeFiles/local_cartesian.dir/all] Error 2
make: *** [Makefile:141: all] Error 2
