[0.022s] Invoking command in '/home/mete/catkin_ws2/build/parser': CMAKE_PREFIX_PATH=${CMAKE_PREFIX_PATH}:/opt/ros/foxy /usr/bin/cmake --build /home/mete/catkin_ws2/build/parser -- -j12 -l12
[0.057s] [35m[1mScanning dependencies of target local_cartesian[0m
[0.071s] [ 50%] Built target parser_geo
[0.099s] [ 75%] [32mBuilding CXX object CMakeFiles/local_cartesian.dir/src/local_cartesian.cpp.o[0m
[1.551s] [01m[K/home/mete/catkin_ws2/src/parser/src/local_cartesian.cpp:[m[K In function â€˜[01m[Kint main(int, char**)[m[Kâ€™:
[1.551s] [01m[K/home/mete/catkin_ws2/src/parser/src/local_cartesian.cpp:63:3:[m[K [01;31m[Kerror: [m[Kâ€˜[01m[Kstrint[m[Kâ€™ was not declared in this scope; did you mean â€˜[01m[Kstdin[m[Kâ€™?
[1.551s]    63 |   [01;31m[Kstrint[m[K kelime = "";
[1.551s]       |   [01;31m[K^~~~~~[m[K
[1.551s]       |   [32m[Kstdin[m[K
[1.553s] [01m[K/home/mete/catkin_ws2/src/parser/src/local_cartesian.cpp:72:19:[m[K [01;31m[Kerror: [m[Kâ€˜[01m[Kkelime[m[Kâ€™ was not declared in this scope
[1.553s]    72 |           cout << [01;31m[Kkelime[m[K <<endl;
[1.553s]       |                   [01;31m[K^~~~~~[m[K
[1.557s] [01m[K/home/mete/catkin_ws2/src/parser/src/local_cartesian.cpp:61:7:[m[K [01;35m[Kwarning: [m[Kunused variable â€˜[01m[Ki[m[Kâ€™ [[01;35m[K-Wunused-variable[m[K]
[1.557s]    61 |   int [01;35m[Ki[m[K = 0;
[1.557s]       |       [01;35m[K^[m[K
[1.557s] [01m[K/home/mete/catkin_ws2/src/parser/src/local_cartesian.cpp:62:7:[m[K [01;35m[Kwarning: [m[Kunused variable â€˜[01m[Kcounter[m[Kâ€™ [[01;35m[K-Wunused-variable[m[K]
[1.557s]    62 |   int [01;35m[Kcounter[m[K = 0;
[1.558s]       |       [01;35m[K^~~~~~~[m[K
[2.215s] make[2]: *** [CMakeFiles/local_cartesian.dir/build.make:63: CMakeFiles/local_cartesian.dir/src/local_cartesian.cpp.o] Error 1
[2.215s] make[1]: *** [CMakeFiles/Makefile2:80: CMakeFiles/local_cartesian.dir/all] Error 2
[2.215s] make: *** [Makefile:141: all] Error 2
[2.219s] Invoked command in '/home/mete/catkin_ws2/build/parser' returned '2': CMAKE_PREFIX_PATH=${CMAKE_PREFIX_PATH}:/opt/ros/foxy /usr/bin/cmake --build /home/mete/catkin_ws2/build/parser -- -j12 -l12
