[35m[1mScanning dependencies of target local_cartesian[0m
[ 50%] Built target parser_geo
[ 75%] [32mBuilding CXX object CMakeFiles/local_cartesian.dir/src/local_cartesian.cpp.o[0m
[01m[K/home/mete/catkin_ws2/src/parser/src/local_cartesian.cpp:[m[K In member function â€˜[01m[Kvoid MinimalPublisher::timer_callback()[m[Kâ€™:
[01m[K/home/mete/catkin_ws2/src/parser/src/local_cartesian.cpp:58:7:[m[K [01;31m[Kerror: [m[Kâ€˜[01m[Kpath[m[Kâ€™ was not declared in this scope
   58 |       [01;31m[Kpath[m[K.poses.push_back(this_pose_stamped);
      |       [01;31m[K^~~~[m[K
make[2]: *** [CMakeFiles/local_cartesian.dir/build.make:63: CMakeFiles/local_cartesian.dir/src/local_cartesian.cpp.o] Error 1
make[1]: *** [CMakeFiles/Makefile2:80: CMakeFiles/local_cartesian.dir/all] Error 2
make: *** [Makefile:141: all] Error 2
