[01m[K/home/mete/catkin_ws2/src/parser/src/local_cartesian.cpp:[m[K In member function â€˜[01m[Kvoid MinimalPublisher::timer_callback()[m[Kâ€™:
[01m[K/home/mete/catkin_ws2/src/parser/src/local_cartesian.cpp:63:20:[m[K [01;31m[Kerror: [m[Kâ€˜[01m[Kstruct nav_msgs::msg::Path_<std::allocator<void> >[m[Kâ€™ has no member named â€˜[01m[Kstamp[m[Kâ€™
   63 |       path_message.[01;31m[Kstamp[m[K.sec = rclcpp::Time::now().toSec();
      |                    [01;31m[K^~~~~[m[K
[01m[K/home/mete/catkin_ws2/src/parser/src/local_cartesian.cpp:63:46:[m[K [01;31m[Kerror: [m[Kâ€˜[01m[Know[m[Kâ€™ is not a member of â€˜[01m[Krclcpp::Time[m[Kâ€™
   63 |       path_message.stamp.sec = rclcpp::Time::[01;31m[Know[m[K().toSec();
      |                                              [01;31m[K^~~[m[K
make[2]: *** [CMakeFiles/local_cartesian.dir/build.make:63: CMakeFiles/local_cartesian.dir/src/local_cartesian.cpp.o] Error 1
make[1]: *** [CMakeFiles/Makefile2:80: CMakeFiles/local_cartesian.dir/all] Error 2
make: *** [Makefile:141: all] Error 2
