[0.019s] Invoking command in '/home/mete/catkin_ws2/build/parser': CMAKE_PREFIX_PATH=${CMAKE_PREFIX_PATH}:/opt/ros/foxy /usr/bin/cmake --build /home/mete/catkin_ws2/build/parser -- -j12 -l12
[0.052s] [35m[1mScanning dependencies of target local_cartesian[0m
[0.064s] [ 50%] Built target parser_geo
[0.088s] [ 75%] [32mBuilding CXX object CMakeFiles/local_cartesian.dir/src/local_cartesian.cpp.o[0m
[1.608s] [01m[K/home/mete/catkin_ws2/src/parser/src/local_cartesian.cpp:[m[K In member function â€˜[01m[Kvoid MinimalPublisher::timer_callback()[m[Kâ€™:
[1.609s] [01m[K/home/mete/catkin_ws2/src/parser/src/local_cartesian.cpp:63:20:[m[K [01;31m[Kerror: [m[Kâ€˜[01m[Kstruct nav_msgs::msg::Path_<std::allocator<void> >[m[Kâ€™ has no member named â€˜[01m[Kstamp[m[Kâ€™
[1.609s]    63 |       path_message.[01;31m[Kstamp[m[K.sec = rclcpp::Time::now().toSec();
[1.609s]       |                    [01;31m[K^~~~~[m[K
[1.609s] [01m[K/home/mete/catkin_ws2/src/parser/src/local_cartesian.cpp:63:46:[m[K [01;31m[Kerror: [m[Kâ€˜[01m[Know[m[Kâ€™ is not a member of â€˜[01m[Krclcpp::Time[m[Kâ€™
[1.609s]    63 |       path_message.stamp.sec = rclcpp::Time::[01;31m[Know[m[K().toSec();
[1.609s]       |                                              [01;31m[K^~~[m[K
[2.377s] make[2]: *** [CMakeFiles/local_cartesian.dir/build.make:63: CMakeFiles/local_cartesian.dir/src/local_cartesian.cpp.o] Error 1
[2.377s] make[1]: *** [CMakeFiles/Makefile2:80: CMakeFiles/local_cartesian.dir/all] Error 2
[2.378s] make: *** [Makefile:141: all] Error 2
[2.379s] Invoked command in '/home/mete/catkin_ws2/build/parser' returned '2': CMAKE_PREFIX_PATH=${CMAKE_PREFIX_PATH}:/opt/ros/foxy /usr/bin/cmake --build /home/mete/catkin_ws2/build/parser -- -j12 -l12
