[01m[K/home/mete/catkin_ws2/src/parser/src/local_cartesian.cpp:[m[K In member function â€˜[01m[Kvoid MinimalPublisher::timer_callback()[m[Kâ€™:
[01m[K/home/mete/catkin_ws2/src/parser/src/local_cartesian.cpp:56:52:[m[K [01;31m[Kerror: [m[Kcannot call member function â€˜[01m[Krclcpp::Time rclcpp::Clock::now()[m[Kâ€™ without object
   56 |       path_message.header.stamp=rclcpp::Clock::now([01;31m[K)[m[K;
      |                                                    [01;31m[K^[m[K
make[2]: *** [CMakeFiles/local_cartesian.dir/build.make:63: CMakeFiles/local_cartesian.dir/src/local_cartesian.cpp.o] Error 1
make[1]: *** [CMakeFiles/Makefile2:80: CMakeFiles/local_cartesian.dir/all] Error 2
make: *** [Makefile:141: all] Error 2
