[0.024s] Invoking command in '/home/mete/catkin_ws2/build/parser': CMAKE_PREFIX_PATH=${CMAKE_PREFIX_PATH}:/opt/ros/foxy /usr/bin/cmake --build /home/mete/catkin_ws2/build/parser -- -j12 -l12
[0.060s] [35m[1mScanning dependencies of target local_cartesian[0m
[0.077s] [ 50%] Built target parser_geo
[0.094s] [ 75%] [32mBuilding CXX object CMakeFiles/local_cartesian.dir/src/local_cartesian.cpp.o[0m
[1.544s] [01m[K/home/mete/catkin_ws2/src/parser/src/local_cartesian.cpp:[m[K In member function â€˜[01m[Kvoid MinimalPublisher::timer_callback()[m[Kâ€™:
[1.544s] [01m[K/home/mete/catkin_ws2/src/parser/src/local_cartesian.cpp:56:52:[m[K [01;31m[Kerror: [m[Kcannot call member function â€˜[01m[Krclcpp::Time rclcpp::Clock::now()[m[Kâ€™ without object
[1.544s]    56 |       path_message.header.stamp=rclcpp::Clock::now([01;31m[K)[m[K;
[1.544s]       |                                                    [01;31m[K^[m[K
[2.253s] make[2]: *** [CMakeFiles/local_cartesian.dir/build.make:63: CMakeFiles/local_cartesian.dir/src/local_cartesian.cpp.o] Error 1
[2.253s] make[1]: *** [CMakeFiles/Makefile2:80: CMakeFiles/local_cartesian.dir/all] Error 2
[2.253s] make: *** [Makefile:141: all] Error 2
[2.255s] Invoked command in '/home/mete/catkin_ws2/build/parser' returned '2': CMAKE_PREFIX_PATH=${CMAKE_PREFIX_PATH}:/opt/ros/foxy /usr/bin/cmake --build /home/mete/catkin_ws2/build/parser -- -j12 -l12
