[0.022s] Invoking command in '/home/mete/catkin_ws2/build/parser': CMAKE_PREFIX_PATH=${CMAKE_PREFIX_PATH}:/opt/ros/foxy /usr/bin/cmake --build /home/mete/catkin_ws2/build/parser -- -j12 -l12
[0.059s] [35m[1mScanning dependencies of target local_cartesian[0m
[0.071s] [ 50%] Built target parser_geo
[0.099s] [ 75%] [32mBuilding CXX object CMakeFiles/local_cartesian.dir/src/local_cartesian.cpp.o[0m
[0.234s] [01m[K/home/mete/catkin_ws2/src/parser/src/local_cartesian.cpp:91:17:[m[K [01;35m[Kwarning: [m[Kcharacter constant too long for its type
[0.234s]    91 |       kmlfile = [01;35m[K'../catkin_ws2/src/parser/doc/Localization_Assignment_Test_Route.kml'[m[K;
[0.234s]       |                 [01;35m[K^~~~~~~~~~~~~~~~~~~~~~~~~~~~~~~~~~~~~~~~~~~~~~~~~~~~~~~~~~~~~~~~~~~~~[m[K
[1.559s] [01m[K/home/mete/catkin_ws2/src/parser/src/local_cartesian.cpp:[m[K In constructor â€˜[01m[KMinimalPublisher::MinimalPublisher()[m[Kâ€™:
[1.559s] [01m[K/home/mete/catkin_ws2/src/parser/src/local_cartesian.cpp:91:17:[m[K [01;35m[Kwarning: [m[Koverflow in conversion from â€˜[01m[Kint[m[Kâ€™ to â€˜[01m[Kchar[m[Kâ€™ changes value from â€˜[01m[K778792300[m[Kâ€™ to â€˜[01m[K'l'[m[Kâ€™ [[01;35m[K-Woverflow[m[K]
[1.564s] [01m[K/home/mete/catkin_ws2/src/parser/src/local_cartesian.cpp:131:17:[m[K [01;31m[Kerror: [m[Kâ€˜[01m[Kkml_pose[m[Kâ€™ was not declared in this scope
[1.564s]   131 |                 [01;31m[Kkml_pose[m[K.pose.position.x = x;
[1.564s]       |                 [01;31m[K^~~~~~~~[m[K
[1.566s] [01m[K/home/mete/catkin_ws2/src/parser/src/local_cartesian.cpp:140:17:[m[K [01;31m[Kerror: [m[Kâ€˜[01m[Kkml_path[m[Kâ€™ was not declared in this scope
[1.566s]   140 |                 [01;31m[Kkml_path[m[K.poses.push_back(kml_pose);
[1.566s]       |                 [01;31m[K^~~~~~~~[m[K
[2.324s] make[2]: *** [CMakeFiles/local_cartesian.dir/build.make:63: CMakeFiles/local_cartesian.dir/src/local_cartesian.cpp.o] Error 1
[2.324s] make[1]: *** [CMakeFiles/Makefile2:80: CMakeFiles/local_cartesian.dir/all] Error 2
[2.324s] make: *** [Makefile:141: all] Error 2
[2.326s] Invoked command in '/home/mete/catkin_ws2/build/parser' returned '2': CMAKE_PREFIX_PATH=${CMAKE_PREFIX_PATH}:/opt/ros/foxy /usr/bin/cmake --build /home/mete/catkin_ws2/build/parser -- -j12 -l12
