[0.022s] Invoking command in '/home/mete/catkin_ws2/build/parser': CMAKE_PREFIX_PATH=${CMAKE_PREFIX_PATH}:/opt/ros/foxy /usr/bin/cmake --build /home/mete/catkin_ws2/build/parser -- -j12 -l12
[0.056s] [35m[1mScanning dependencies of target local_cartesian[0m
[0.067s] [ 50%] Built target parser_geo
[0.091s] [ 75%] [32mBuilding CXX object CMakeFiles/local_cartesian.dir/src/local_cartesian.cpp.o[0m
[1.548s] [01m[K/home/mete/catkin_ws2/src/parser/src/local_cartesian.cpp:[m[K In member function â€˜[01m[Kvoid MinimalPublisher::timer_callback()[m[Kâ€™:
[1.548s] [01m[K/home/mete/catkin_ws2/src/parser/src/local_cartesian.cpp:59:17:[m[K [01;31m[Kerror: [m[Kâ€˜[01m[KPath[m[Kâ€™ is not a member of â€˜[01m[Knav_msgs[m[Kâ€™; did you mean â€˜[01m[Knav_msgs::msg::Path[m[Kâ€™?
[1.548s]    59 |       nav_msgs::[01;31m[KPath[m[K path;
[1.548s]       |                 [01;31m[K^~~~[m[K
[1.548s] In file included from [01m[K/opt/ros/foxy/include/nav_msgs/msg/path.hpp:7[m[K,
[1.548s]                  from [01m[K/home/mete/catkin_ws2/src/parser/src/local_cartesian.cpp:17[m[K:
[1.548s] [01m[K/opt/ros/foxy/include/nav_msgs/msg/detail/path__struct.hpp:132:7:[m[K [01;36m[Knote: [m[Kâ€˜[01m[Knav_msgs::msg::Path[m[Kâ€™ declared here
[1.548s]   132 | using [01;36m[KPath[m[K =
[1.548s]       |       [01;36m[K^~~~[m[K
[1.550s] [01m[K/home/mete/catkin_ws2/src/parser/src/local_cartesian.cpp:61:7:[m[K [01;31m[Kerror: [m[Kâ€˜[01m[Kpath[m[Kâ€™ was not declared in this scope
[1.550s]    61 |       [01;31m[Kpath[m[K.header.frame_id="/base_link";
[1.550s]       |       [01;31m[K^~~~[m[K
[1.552s] [01m[K/home/mete/catkin_ws2/src/parser/src/local_cartesian.cpp:73:27:[m[K [01;31m[Kerror: [m[Kâ€˜[01m[Kpath_message[m[Kâ€™ was not declared in this scope
[1.553s]    73 |       publisher_->publish([01;31m[Kpath_message[m[K);
[1.553s]       |                           [01;31m[K^~~~~~~~~~~~[m[K
[2.269s] make[2]: *** [CMakeFiles/local_cartesian.dir/build.make:63: CMakeFiles/local_cartesian.dir/src/local_cartesian.cpp.o] Error 1
[2.269s] make[1]: *** [CMakeFiles/Makefile2:80: CMakeFiles/local_cartesian.dir/all] Error 2
[2.269s] make: *** [Makefile:141: all] Error 2
[2.271s] Invoked command in '/home/mete/catkin_ws2/build/parser' returned '2': CMAKE_PREFIX_PATH=${CMAKE_PREFIX_PATH}:/opt/ros/foxy /usr/bin/cmake --build /home/mete/catkin_ws2/build/parser -- -j12 -l12
